app/build/intermediates/manifest_merge_blame_file/debug/manifest-merger-blame-debug-report.txt
1<?xml version="1.0" encoding="utf-8"?>
2<manifest xmlns:android="http://schemas.android.com/apk/res/android"
3    package="sleep.simdori.com"
4    android:versionCode="1"
5    android:versionName="1.0" >
6
7    <uses-sdk
8        android:minSdkVersion="17"
8-->src\main\AndroidManifest.xml
9        android:targetSdkVersion="30" />
9-->src\main\AndroidManifest.xml
10
11    <uses-permission android:name="android.permission.CAMERA" />
11-->src\main\AndroidManifest.xml:5:5-65
11-->src\main\AndroidManifest.xml:5:22-62
12    <uses-permission android:name="android.permission.INTERNET" />
12-->src\main\AndroidManifest.xml:6:5-67
12-->src\main\AndroidManifest.xml:6:22-64
13    <uses-permission android:name="android.permission.WAKE_LOCK" />
13-->src\main\AndroidManifest.xml:7:5-67
13-->src\main\AndroidManifest.xml:7:22-65
14    <uses-permission android:name="android.permission.ACCESS_NETWORK_STATE" />
14-->src\main\AndroidManifest.xml:8:5-78
14-->src\main\AndroidManifest.xml:8:22-76
15    <uses-permission android:name="android.permission.READ_PHONE_STATE" />
15-->src\main\AndroidManifest.xml:9:5-75
15-->src\main\AndroidManifest.xml:9:22-72
16    <uses-permission android:name="android.permission.ACCESS_FINE_LOCATION" />
16-->src\main\AndroidManifest.xml:10:5-78
16-->src\main\AndroidManifest.xml:10:22-76
17    <uses-permission android:name="android.permission.ACCESS_COARSE_LOCATION" />
17-->src\main\AndroidManifest.xml:11:5-80
17-->src\main\AndroidManifest.xml:11:22-78
18    <uses-permission android:name="android.permission.READ_EXTERNAL_STORAGE" />
18-->src\main\AndroidManifest.xml:12:5-80
18-->src\main\AndroidManifest.xml:12:22-77
19    <uses-permission android:name="android.permission.WRITE_EXTERNAL_STORAGE" />
19-->src\main\AndroidManifest.xml:13:5-81
19-->src\main\AndroidManifest.xml:13:22-78
20
21    <!-- Don't require camera, as this requires a rear camera. This allows it to work on the Nexus 7 -->
22    <uses-feature
22-->[com.journeyapps:zxing-android-embedded:3.6.0] AndroidManifest.xml:25:5-27:36
23        android:name="android.hardware.camera"
23-->[com.journeyapps:zxing-android-embedded:3.6.0] AndroidManifest.xml:26:9-47
24        android:required="false" />
24-->[com.journeyapps:zxing-android-embedded:3.6.0] AndroidManifest.xml:27:9-33
25    <uses-feature
25-->[com.journeyapps:zxing-android-embedded:3.6.0] AndroidManifest.xml:28:5-30:36
26        android:name="android.hardware.camera.front"
26-->[com.journeyapps:zxing-android-embedded:3.6.0] AndroidManifest.xml:29:9-53
27        android:required="false" /> <!-- TODO replace above two with next line after Android 4.2 -->
27-->[com.journeyapps:zxing-android-embedded:3.6.0] AndroidManifest.xml:30:9-33
28    <!-- <uses-feature android:name="android.hardware.camera.any"/> -->
29    <uses-feature
29-->[com.journeyapps:zxing-android-embedded:3.6.0] AndroidManifest.xml:33:5-35:36
30        android:name="android.hardware.camera.autofocus"
30-->[com.journeyapps:zxing-android-embedded:3.6.0] AndroidManifest.xml:34:9-57
31        android:required="false" />
31-->[com.journeyapps:zxing-android-embedded:3.6.0] AndroidManifest.xml:35:9-33
32    <uses-feature
32-->[com.journeyapps:zxing-android-embedded:3.6.0] AndroidManifest.xml:36:5-38:36
33        android:name="android.hardware.camera.flash"
33-->[com.journeyapps:zxing-android-embedded:3.6.0] AndroidManifest.xml:37:9-53
34        android:required="false" />
34-->[com.journeyapps:zxing-android-embedded:3.6.0] AndroidManifest.xml:38:9-33
35    <uses-feature
35-->[com.journeyapps:zxing-android-embedded:3.6.0] AndroidManifest.xml:39:5-41:36
36        android:name="android.hardware.screen.landscape"
36-->[com.journeyapps:zxing-android-embedded:3.6.0] AndroidManifest.xml:40:9-57
37        android:required="false" />
37-->[com.journeyapps:zxing-android-embedded:3.6.0] AndroidManifest.xml:41:9-33
38    <uses-feature
38-->[com.journeyapps:zxing-android-embedded:3.6.0] AndroidManifest.xml:42:5-44:36
39        android:name="android.hardware.wifi"
39-->[com.journeyapps:zxing-android-embedded:3.6.0] AndroidManifest.xml:43:9-45
40        android:required="false" />
40-->[com.journeyapps:zxing-android-embedded:3.6.0] AndroidManifest.xml:44:9-33
41
42    <application
42-->src\main\AndroidManifest.xml:15:5-62:19
43        android:name="androidx.multidex.MultiDexApplication"
44        android:allowBackup="true"
44-->src\main\AndroidManifest.xml:16:9-35
45        android:appComponentFactory="androidx.core.app.CoreComponentFactory"
45-->[androidx.core:core:1.3.2] AndroidManifest.xml:24:18-86
46        android:debuggable="true"
47        android:hardwareAccelerated="true"
47-->src\main\AndroidManifest.xml:23:9-43
48        android:icon="@drawable/icon"
48-->src\main\AndroidManifest.xml:17:9-38
49        android:label="@string/app_name"
49-->src\main\AndroidManifest.xml:18:9-41
50        android:networkSecurityConfig="@xml/network_security_config"
50-->src\main\AndroidManifest.xml:21:9-69
51        android:requestLegacyExternalStorage="true"
51-->src\main\AndroidManifest.xml:22:9-52
52        android:supportsRtl="true"
52-->src\main\AndroidManifest.xml:19:9-35
53        android:testOnly="true"
54        android:theme="@style/Theme.Sleep" >
54-->src\main\AndroidManifest.xml:20:9-43
55        <activity android:name="sleep.simdori.com.activity.LoadingActivity" >
55-->src\main\AndroidManifest.xml:25:9-31:20
55-->src\main\AndroidManifest.xml:25:19-59
56
57            <!-- <intent-filter> -->
58            <!-- <action android:name="android.intent.action.MAIN" /> -->
59
60
61            <!-- <category android:name="android.intent.category.LAUNCHER" /> -->
62            <!-- </intent-filter> -->
63        </activity>
64        <activity android:name="sleep.simdori.com.activity.Guide1stActivity" />
64-->src\main\AndroidManifest.xml:32:9-72
64-->src\main\AndroidManifest.xml:32:19-60
65        <activity android:name="sleep.simdori.com.activity.Guide2ndActivity" />
65-->src\main\AndroidManifest.xml:33:9-72
65-->src\main\AndroidManifest.xml:33:19-60
66        <activity android:name="sleep.simdori.com.activity.HomeActivity" >
66-->src\main\AndroidManifest.xml:34:9-40:20
66-->src\main\AndroidManifest.xml:34:19-56
67            <intent-filter>
67-->src\main\AndroidManifest.xml:35:13-39:29
68                <action android:name="android.intent.action.MAIN" />
68-->src\main\AndroidManifest.xml:36:17-69
68-->src\main\AndroidManifest.xml:36:25-66
69
70                <category android:name="android.intent.category.LAUNCHER" />
70-->src\main\AndroidManifest.xml:38:17-77
70-->src\main\AndroidManifest.xml:38:27-74
71            </intent-filter>
72        </activity>
73        <activity android:name="sleep.simdori.com.activity.LoginActivity" />
73-->src\main\AndroidManifest.xml:41:9-69
73-->src\main\AndroidManifest.xml:41:19-57
74        <!-- <activity android:name=".activity.SignupActivity"></activity> -->
75        <activity android:name="sleep.simdori.com.activity.ModifyActivity" />
75-->src\main\AndroidManifest.xml:43:9-70
75-->src\main\AndroidManifest.xml:43:19-58
76        <activity
76-->src\main\AndroidManifest.xml:44:9-45:81
77            android:name="sleep.simdori.com.activity.SleepTrackingActivity"
77-->src\main\AndroidManifest.xml:44:19-65
78            android:theme="@style/AppTheme.SlidrActivityTheme" />
78-->src\main\AndroidManifest.xml:45:19-69
79        <activity android:name="sleep.simdori.com.activity.RegisterActivity" />
79-->src\main\AndroidManifest.xml:46:9-72
79-->src\main\AndroidManifest.xml:46:19-60
80        <activity android:name="sleep.simdori.com.activity.IotManageActivity" >
80-->src\main\AndroidManifest.xml:47:9-48:20
80-->src\main\AndroidManifest.xml:47:19-61
81        </activity>
82
83        <!-- Mqtt Service -->
84        <service android:name="org.eclipse.paho.android.service.MqttService" >
84-->src\main\AndroidManifest.xml:51:9-52:19
84-->src\main\AndroidManifest.xml:51:18-77
85        </service>
86
87        <receiver android:name="sleep.simdori.com.mqtt.BootReceiver" >
87-->src\main\AndroidManifest.xml:54:9-58:20
87-->src\main\AndroidManifest.xml:54:19-69
88            <intent-filter>
88-->src\main\AndroidManifest.xml:55:13-57:29
89                <action android:name="android.intent.action.BOOT_COMPLETED" />
89-->src\main\AndroidManifest.xml:56:17-78
89-->src\main\AndroidManifest.xml:56:25-76
90            </intent-filter>
91        </receiver>
92
93        <service android:name="sleep.simdori.com.mqtt.MQTTservice" >
93-->src\main\AndroidManifest.xml:60:9-61:19
93-->src\main\AndroidManifest.xml:60:18-67
94        </service>
95
96        <activity
96-->[com.naver.nid:naveridlogin-android-sdk:4.2.6] AndroidManifest.xml:17:9-19:67
97            android:name="com.nhn.android.naverlogin.ui.OAuthLoginActivity"
97-->[com.naver.nid:naveridlogin-android-sdk:4.2.6] AndroidManifest.xml:18:13-76
98            android:theme="@style/Theme.AppCompat.Light.Dialog" />
98-->[com.naver.nid:naveridlogin-android-sdk:4.2.6] AndroidManifest.xml:19:13-64
99        <activity
99-->[com.naver.nid:naveridlogin-android-sdk:4.2.6] AndroidManifest.xml:20:9-23:47
100            android:name="com.nhn.android.naverlogin.ui.OAuthLoginInAppBrowserActivity"
100-->[com.naver.nid:naveridlogin-android-sdk:4.2.6] AndroidManifest.xml:21:13-88
101            android:configChanges="orientation|screenSize"
101-->[com.naver.nid:naveridlogin-android-sdk:4.2.6] AndroidManifest.xml:22:13-59
102            android:label="OAuth2.0 In-app" />
102-->[com.naver.nid:naveridlogin-android-sdk:4.2.6] AndroidManifest.xml:23:13-44
103        <activity
103-->[com.naver.nid:naveridlogin-android-sdk:4.2.6] AndroidManifest.xml:24:9-40:20
104            android:name="com.nhn.android.naverlogin.ui.OAuthCustomTabActivity"
104-->[com.naver.nid:naveridlogin-android-sdk:4.2.6] AndroidManifest.xml:25:13-80
105            android:configChanges="orientation|screenSize"
105-->[com.naver.nid:naveridlogin-android-sdk:4.2.6] AndroidManifest.xml:26:13-59
106            android:launchMode="singleTask"
106-->[com.naver.nid:naveridlogin-android-sdk:4.2.6] AndroidManifest.xml:27:13-44
107            android:theme="@android:style/Theme.Translucent.NoTitleBar" >
107-->[com.naver.nid:naveridlogin-android-sdk:4.2.6] AndroidManifest.xml:28:13-72
108            <intent-filter>
108-->[com.naver.nid:naveridlogin-android-sdk:4.2.6] AndroidManifest.xml:29:13-39:29
109                <action android:name="android.intent.action.VIEW" />
109-->[com.naver.nid:naveridlogin-android-sdk:4.2.6] AndroidManifest.xml:30:17-69
109-->[com.naver.nid:naveridlogin-android-sdk:4.2.6] AndroidManifest.xml:30:25-66
110
111                <category android:name="android.intent.category.DEFAULT" />
111-->[com.naver.nid:naveridlogin-android-sdk:4.2.6] AndroidManifest.xml:32:17-76
111-->[com.naver.nid:naveridlogin-android-sdk:4.2.6] AndroidManifest.xml:32:27-73
112                <category android:name="android.intent.category.BROWSABLE" />
112-->[com.naver.nid:naveridlogin-android-sdk:4.2.6] AndroidManifest.xml:33:17-78
112-->[com.naver.nid:naveridlogin-android-sdk:4.2.6] AndroidManifest.xml:33:27-75
113                <!-- Intent URL 에서 로그인 액티비티를 실행하기 위해 설정 -->
114                <data
114-->[com.naver.nid:naveridlogin-android-sdk:4.2.6] AndroidManifest.xml:35:17-38:59
115                    android:host="authorize"
115-->[com.naver.nid:naveridlogin-android-sdk:4.2.6] AndroidManifest.xml:36:21-45
116                    android:path="/"
116-->[com.naver.nid:naveridlogin-android-sdk:4.2.6] AndroidManifest.xml:37:21-37
117                    android:scheme="naver3rdpartylogin" />
117-->[com.naver.nid:naveridlogin-android-sdk:4.2.6] AndroidManifest.xml:38:21-56
118            </intent-filter>
119        </activity>
120        <activity
120-->[com.journeyapps:zxing-android-embedded:3.6.0] AndroidManifest.xml:47:9-53:63
121            android:name="com.journeyapps.barcodescanner.CaptureActivity"
121-->[com.journeyapps:zxing-android-embedded:3.6.0] AndroidManifest.xml:48:13-74
122            android:clearTaskOnLaunch="true"
122-->[com.journeyapps:zxing-android-embedded:3.6.0] AndroidManifest.xml:49:13-45
123            android:screenOrientation="sensorLandscape"
123-->[com.journeyapps:zxing-android-embedded:3.6.0] AndroidManifest.xml:50:13-56
124            android:stateNotNeeded="true"
124-->[com.journeyapps:zxing-android-embedded:3.6.0] AndroidManifest.xml:51:13-42
125            android:theme="@style/zxing_CaptureTheme"
125-->[com.journeyapps:zxing-android-embedded:3.6.0] AndroidManifest.xml:52:13-54
126            android:windowSoftInputMode="stateAlwaysHidden" />
126-->[com.journeyapps:zxing-android-embedded:3.6.0] AndroidManifest.xml:53:13-60
127        <activity
127-->[com.google.android.gms:play-services-auth:19.0.0] AndroidManifest.xml:23:9-27:75
128            android:name="com.google.android.gms.auth.api.signin.internal.SignInHubActivity"
128-->[com.google.android.gms:play-services-auth:19.0.0] AndroidManifest.xml:24:13-93
129            android:excludeFromRecents="true"
129-->[com.google.android.gms:play-services-auth:19.0.0] AndroidManifest.xml:25:13-46
130            android:exported="false"
130-->[com.google.android.gms:play-services-auth:19.0.0] AndroidManifest.xml:26:13-37
131            android:theme="@android:style/Theme.Translucent.NoTitleBar" />
131-->[com.google.android.gms:play-services-auth:19.0.0] AndroidManifest.xml:27:13-72
132        <!--
133            Service handling Google Sign-In user revocation. For apps that do not integrate with
134            Google Sign-In, this service will never be started.
135        -->
136        <service
136-->[com.google.android.gms:play-services-auth:19.0.0] AndroidManifest.xml:33:9-37:51
137            android:name="com.google.android.gms.auth.api.signin.RevocationBoundService"
137-->[com.google.android.gms:play-services-auth:19.0.0] AndroidManifest.xml:34:13-89
138            android:exported="true"
138-->[com.google.android.gms:play-services-auth:19.0.0] AndroidManifest.xml:35:13-36
139            android:permission="com.google.android.gms.auth.api.signin.permission.REVOCATION_NOTIFICATION"
139-->[com.google.android.gms:play-services-auth:19.0.0] AndroidManifest.xml:36:13-107
140            android:visibleToInstantApps="true" />
140-->[com.google.android.gms:play-services-auth:19.0.0] AndroidManifest.xml:37:13-48
141
142        <activity
142-->[com.google.android.gms:play-services-base:17.1.0] AndroidManifest.xml:23:9-26:75
143            android:name="com.google.android.gms.common.api.GoogleApiActivity"
143-->[com.google.android.gms:play-services-base:17.1.0] AndroidManifest.xml:24:13-79
144            android:exported="false"
144-->[com.google.android.gms:play-services-base:17.1.0] AndroidManifest.xml:25:13-37
145            android:theme="@android:style/Theme.Translucent.NoTitleBar" />
145-->[com.google.android.gms:play-services-base:17.1.0] AndroidManifest.xml:26:13-72
146
147        <meta-data
147-->[com.google.android.gms:play-services-basement:17.1.1] AndroidManifest.xml:23:9-25:69
148            android:name="com.google.android.gms.version"
148-->[com.google.android.gms:play-services-basement:17.1.1] AndroidManifest.xml:24:13-58
149            android:value="@integer/google_play_services_version" />
149-->[com.google.android.gms:play-services-basement:17.1.1] AndroidManifest.xml:25:13-66
150    </application>
151
152</manifest>